
-----
Test: tests/test_scenario_2.py::test_scenario_2 (call)
Start time: 2024-11-06 20:59:34.051312
Start name method: Scenario 2 start


-----
Error occurred at: 2024-11-06 20:59:40.667520
Error: Expected 'Республика Татарстан', but got 'г. Москва'
Traceback: Traceback (most recent call last):
  File "C:\Users\ajnaf\PycharmProjects\tensor_test\base\base_class.py", line 76, in assert_word
    assert value_word == result, f"Expected '{result}', but got '{value_word}'"
           ^^^^^^^^^^^^^^^^^^^^
AssertionError: Expected 'Республика Татарстан', but got 'г. Москва'


-----

-----
Error occurred at: 2024-11-06 20:59:41.446333
Error: Expected 'Камчатский край', but got 'г. Москва'
Traceback: Traceback (most recent call last):
  File "C:\Users\ajnaf\PycharmProjects\tensor_test\base\base_class.py", line 76, in assert_word
    assert value_word == result, f"Expected '{result}', but got '{value_word}'"
           ^^^^^^^^^^^^^^^^^^^^
AssertionError: Expected 'Камчатский край', but got 'г. Москва'


-----
End time: 2024-11-06 20:59:41.596310
End name method: Scenario 2 end
URL: https://sbis.ru/contacts/41-kamchatskij-kraj?tab=clients

-----
